============================================================
  Generated by:           Genus(TM) Synthesis Solution 21.14-s082_1
  Generated on:           May 13 2026  03:23:45 pm
  Module:                 division2
  Operating conditions:   typical (balanced_tree)
  Wireload mode:          enclosed
  Area mode:              timing library
============================================================


Path 1: MET (352 ps) Setup Check with Pin accumulator_rem_dividend_reg[33]/CK->D
          Group: clk
     Startpoint: (R) accumulator_rem_dividend_reg[18]/CK
          Clock: (R) clk
       Endpoint: (R) accumulator_rem_dividend_reg[33]/D
          Clock: (R) clk

                     Capture       Launch     
        Clock Edge:+    2000            0     
       Src Latency:+       0            0     
       Net Latency:+       0 (I)        0 (I) 
           Arrival:=    2000            0     
                                              
             Setup:-      50                  
       Uncertainty:-      50                  
     Required Time:=    1900                  
      Launch Clock:-       0                  
         Data Path:-    1548                  
             Slack:=     352                  

#-------------------------------------------------------------------------------------------------------------
#            Timing Point             Flags    Arc   Edge   Cell     Fanout Load Trans Delay Arrival Instance 
#                                                                           (fF)  (ps)  (ps)   (ps)  Location 
#-------------------------------------------------------------------------------------------------------------
  accumulator_rem_dividend_reg[18]/CK -       -      R     (arrival)     60    -    15     0       0    (-,-) 
  accumulator_rem_dividend_reg[18]/Q  -       CK->Q  F     DFFX4         10 29.0    72   151     151    (-,-) 
  ADD_TC_OP27_g1082__1666/Y           -       B->Y   R     NOR2X4         1  0.9    26    30     181    (-,-) 
  g12051/Y                            -       A1N->Y R     AOI2BB2X4      2  4.7    49    67     248    (-,-) 
  g12047/Y                            -       B1->Y  F     OAI2BB2X4      1  2.3    41    35     282    (-,-) 
  ADD_TC_OP27_g1062__3680/CO          -       CI->CO F     ADDFHX2        1  2.6    35    87     369    (-,-) 
  g12056/CO                           -       CI->CO F     ADDFX4         1  2.6    33    88     457    (-,-) 
  g12057/CO                           -       CI->CO F     ADDFX4         1  2.3    33    87     544    (-,-) 
  ADD_TC_OP27_g1055__4319/CO          -       CI->CO F     ADDFHX2        1  2.6    35    85     628    (-,-) 
  g12054/CO                           -       CI->CO F     ADDFX4         1  2.6    33    88     716    (-,-) 
  g12060/CO                           -       CI->CO F     ADDFX4         1  0.6    29    85     801    (-,-) 
  g12059/Y                            -       A->Y   R     INVXL          2  4.7    75    46     847    (-,-) 
  g12045/Y                            -       B1->Y  F     OAI2BB2X4      1  2.3    41    42     889    (-,-) 
  ADD_TC_OP27_g1045__5107/CO          -       CI->CO F     ADDFHX2        1  2.6    35    87     976    (-,-) 
  ADD_TC_OP27_g1044__2398/CO          -       CI->CO F     ADDFHX4        2  4.7    38    90    1066    (-,-) 
  ADD_TC_OP27_g1041__6417/Y           -       B1->Y  R     AOI2BB2X4      2  4.7    48    32    1099    (-,-) 
  g12044/Y                            -       B1->Y  F     OAI2BB2X4      1  2.3    41    34    1133    (-,-) 
  ADD_TC_OP27_g1038__2346/CO          -       CI->CO F     ADDFHX2        1  2.3    34    86    1220    (-,-) 
  ADD_TC_OP27_g1037__2883/CO          -       CI->CO F     ADDFHX2        1  0.8    28    81    1301    (-,-) 
  ADD_TC_OP27_g1103__6783/Y           -       A->Y   R     XOR3X1         2  6.4    74   172    1473    (-,-) 
  g11082__5122/Y                      -       B1->Y  F     AOI221X4       1  1.6    50    42    1515    (-,-) 
  g11067__6260/Y                      -       B1->Y  R     OAI221X2       1  0.6    51    34    1548    (-,-) 
  accumulator_rem_dividend_reg[33]/D  <<<     -      R     DFFX4          1    -     -     0    1548    (-,-) 
#-------------------------------------------------------------------------------------------------------------

