============================================================
  Generated by:           Genus(TM) Synthesis Solution 21.14-s082_1
  Generated on:           May 13 2026  03:29:55 pm
  Module:                 division2
  Operating conditions:   typical (balanced_tree)
  Wireload mode:          enclosed
  Area mode:              timing library
============================================================


Path 1: MET (321 ps) Setup Check with Pin accumulator_rem_dividend_reg[33]/CK->D
          Group: clk
     Startpoint: (R) accumulator_rem_dividend_reg[17]/CK
          Clock: (R) clk
       Endpoint: (F) accumulator_rem_dividend_reg[33]/D
          Clock: (R) clk

                     Capture       Launch     
        Clock Edge:+    2000            0     
       Src Latency:+       0            0     
       Net Latency:+       0 (I)        0 (I) 
           Arrival:=    2000            0     
                                              
             Setup:-      25                  
       Uncertainty:-      50                  
     Required Time:=    1925                  
      Launch Clock:-       0                  
         Data Path:-    1604                  
             Slack:=     321                  

#-------------------------------------------------------------------------------------------------------------
#            Timing Point             Flags    Arc   Edge   Cell     Fanout Load Trans Delay Arrival Instance 
#                                                                           (fF)  (ps)  (ps)   (ps)  Location 
#-------------------------------------------------------------------------------------------------------------
  accumulator_rem_dividend_reg[17]/CK -       -      R     (arrival)      7    -    15     0       0    (-,-) 
  accumulator_rem_dividend_reg[17]/Q  -       CK->Q  F     MDFFHQX4       9 18.6    48   133     133    (-,-) 
  ADD_TC_OP27_g1092/Y                 -       A->Y   R     CLKINVX4       4  5.2    22    23     156    (-,-) 
  ADD_TC_OP27_g1081__5115/Y           -       A->Y   F     NOR2X2         1  2.3    20    19     175    (-,-) 
  ADD_TC_OP27_g1065__5107/CO          -       CI->CO F     ADDFHX2        1  2.6    35    81     256    (-,-) 
  g11144/CO                           -       CI->CO F     ADDFX4         1  2.6    33    88     344    (-,-) 
  g11145/CO                           -       CI->CO F     ADDFX4         1  2.3    33    87     430    (-,-) 
  ADD_TC_OP27_g1058__7410/CO          -       CI->CO F     ADDFHX2        1  2.6    35    85     515    (-,-) 
  g11142/CO                           -       CI->CO F     ADDFX4         1  2.6    33    88     603    (-,-) 
  g11147/CO                           -       CI->CO F     ADDFX4         1  0.6    29    85     687    (-,-) 
  g11146/Y                            -       A->Y   R     INVXL          2  4.7    75    46     734    (-,-) 
  g11134/Y                            -       B1->Y  F     OAI2BB2X4      1  2.3    41    42     776    (-,-) 
  ADD_TC_OP27_g1048__2346/CO          -       CI->CO F     ADDFHX2        1  2.6    35    87     863    (-,-) 
  g11140/CO                           -       CI->CO F     ADDFX4         1  2.3    33    87     950    (-,-) 
  ADD_TC_OP27_g1044__9945/CO          -       CI->CO F     ADDFHX2        1  2.3    34    84    1034    (-,-) 
  ADD_TC_OP27_g1043__9315/CO          -       CI->CO F     ADDFHX2        1  2.6    35    85    1120    (-,-) 
  g11139/CO                           -       CI->CO F     ADDFX4         1  2.3    33    87    1207    (-,-) 
  ADD_TC_OP27_g1039__7482/CO          -       CI->CO F     ADDFHX2        1  2.3    34    84    1291    (-,-) 
  ADD_TC_OP27_g1038__5115/CO          -       CI->CO F     ADDFHX2        1  2.3    34    84    1375    (-,-) 
  ADD_TC_OP27_g1037__1881/CO          -       CI->CO F     ADDFHX1        1  1.4    33    79    1454    (-,-) 
  ADD_TC_OP27_g1096__9315/Y           -       C->Y   F     XOR3X1         1  1.7    42    67    1521    (-,-) 
  g10117__1666/Y                      -       B1->Y  R     AOI221X2       1  0.9    55    47    1568    (-,-) 
  g10113__2883/Y                      -       B0->Y  F     OAI21X1        1  0.6    32    36    1604    (-,-) 
  accumulator_rem_dividend_reg[33]/D  <<<     -      F     DFFX4          1    -     -     0    1604    (-,-) 
#-------------------------------------------------------------------------------------------------------------

