============================================================
  Generated by:           Genus(TM) Synthesis Solution 21.14-s082_1
  Generated on:           May 04 2026  11:30:54 am
  Module:                 division2
  Operating conditions:   typical (balanced_tree)
  Wireload mode:          enclosed
  Area mode:              timing library
============================================================


Path 1: MET (1413 ps) Setup Check with Pin accumulator_rem_dividend_reg[33]/CK->D
          Group: clk
     Startpoint: (R) accumulator_rem_dividend_reg[18]/CK
          Clock: (R) clk
       Endpoint: (R) accumulator_rem_dividend_reg[33]/D
          Clock: (R) clk

                     Capture       Launch     
        Clock Edge:+    3500            0     
       Src Latency:+       0            0     
       Net Latency:+       0 (I)        0 (I) 
           Arrival:=    3500            0     
                                              
             Setup:-      56                  
       Uncertainty:-      10                  
     Required Time:=    3434                  
      Launch Clock:-       0                  
         Data Path:-    2021                  
             Slack:=    1413                  

#--------------------------------------------------------------------------------------------------------------
#            Timing Point             Flags    Arc   Edge   Cell     Fanout  Load Trans Delay Arrival Instance 
#                                                                            (fF)  (ps)  (ps)   (ps)  Location 
#--------------------------------------------------------------------------------------------------------------
  accumulator_rem_dividend_reg[18]/CK -       -      R     (arrival)     61     -    10     0       0    (-,-) 
  accumulator_rem_dividend_reg[18]/Q  -       CK->Q  F     DFFX4          7 215.9   466   347     347    (-,-) 
  ADD_TC_OP24_g1053__5115/CO          -       A->CO  F     ADDFHX2        1   2.3    39   187     535    (-,-) 
  ADD_TC_OP24_g1052__1881/CO          -       CI->CO F     ADDFHX2        1   2.3    39    86     621    (-,-) 
  ADD_TC_OP24_g1051__6131/CO          -       CI->CO F     ADDFHX2        1   2.3    39    86     706    (-,-) 
  ADD_TC_OP24_g1050__7098/CO          -       CI->CO F     ADDFHX2        1   2.3    39    86     792    (-,-) 
  ADD_TC_OP24_g1049__8246/CO          -       CI->CO F     ADDFHX2        1   2.3    39    86     878    (-,-) 
  ADD_TC_OP24_g1048__5122/CO          -       CI->CO F     ADDFHX2        1   2.3    39    86     963    (-,-) 
  ADD_TC_OP24_g1047__1705/CO          -       CI->CO F     ADDFHX2        1   2.3    39    86    1049    (-,-) 
  ADD_TC_OP24_g1046__2802/CO          -       CI->CO F     ADDFHX2        1   2.3    39    86    1135    (-,-) 
  ADD_TC_OP24_g1045__1617/CO          -       CI->CO F     ADDFHX2        1   2.3    39    86    1221    (-,-) 
  ADD_TC_OP24_g1044__3680/CO          -       CI->CO F     ADDFHX2        1   2.3    39    86    1307    (-,-) 
  ADD_TC_OP24_g1043__6783/CO          -       CI->CO F     ADDFHX1        1   2.6    46    85    1392    (-,-) 
  g12809/CO                           -       CI->CO F     ADDFX4         1   2.3    43    90    1482    (-,-) 
  ADD_TC_OP24_g1039__8428/CO          -       CI->CO F     ADDFHX2        1   2.3    39    87    1569    (-,-) 
  ADD_TC_OP24_g1038__4319/CO          -       CI->CO F     ADDFHX2        1   2.3    39    86    1655    (-,-) 
  ADD_TC_OP24_g1037__6260/CO          -       CI->CO F     ADDFHX2        1   0.8    33    82    1737    (-,-) 
  ADD_TC_OP24_g2__9315/Y              -       A->Y   R     XOR3X1         2   6.3    76   173    1911    (-,-) 
  g12244__7482/Y                      -       A1->Y  F     AOI211X4       1   1.6   137    46    1956    (-,-) 
  g11936__6260/Y                      -       A1->Y  R     OAI221X2       1   0.6    64    65    2021    (-,-) 
  accumulator_rem_dividend_reg[33]/D  -       -      R     DFFX4          1     -     -     0    2021    (-,-) 
#--------------------------------------------------------------------------------------------------------------



Path 2: MET (1438 ps) Setup Check with Pin accumulator_rem_dividend_reg[33]/CK->D
          Group: clk
     Startpoint: (R) accumulator_rem_dividend_reg[18]/CK
          Clock: (R) clk
       Endpoint: (R) accumulator_rem_dividend_reg[33]/D
          Clock: (R) clk

                     Capture       Launch     
        Clock Edge:+    3500            0     
       Src Latency:+       0            0     
       Net Latency:+       0 (I)        0 (I) 
           Arrival:=    3500            0     
                                              
             Setup:-      56                  
       Uncertainty:-      10                  
     Required Time:=    3434                  
      Launch Clock:-       0                  
         Data Path:-    1996                  
             Slack:=    1438                  

#--------------------------------------------------------------------------------------------------------------
#            Timing Point             Flags    Arc   Edge   Cell     Fanout  Load Trans Delay Arrival Instance 
#                                                                            (fF)  (ps)  (ps)   (ps)  Location 
#--------------------------------------------------------------------------------------------------------------
  accumulator_rem_dividend_reg[18]/CK -       -      R     (arrival)     61     -    10     0       0    (-,-) 
  accumulator_rem_dividend_reg[18]/Q  -       CK->Q  F     DFFX4          7 215.9   466   347     347    (-,-) 
  ADD_TC_OP24_g1053__5115/CO          -       A->CO  F     ADDFHX2        1   2.3    39   187     535    (-,-) 
  ADD_TC_OP24_g1052__1881/CO          -       CI->CO F     ADDFHX2        1   2.3    39    86     621    (-,-) 
  ADD_TC_OP24_g1051__6131/CO          -       CI->CO F     ADDFHX2        1   2.3    39    86     706    (-,-) 
  ADD_TC_OP24_g1050__7098/CO          -       CI->CO F     ADDFHX2        1   2.3    39    86     792    (-,-) 
  ADD_TC_OP24_g1049__8246/CO          -       CI->CO F     ADDFHX2        1   2.3    39    86     878    (-,-) 
  ADD_TC_OP24_g1048__5122/CO          -       CI->CO F     ADDFHX2        1   2.3    39    86     963    (-,-) 
  ADD_TC_OP24_g1047__1705/CO          -       CI->CO F     ADDFHX2        1   2.3    39    86    1049    (-,-) 
  ADD_TC_OP24_g1046__2802/CO          -       CI->CO F     ADDFHX2        1   2.3    39    86    1135    (-,-) 
  ADD_TC_OP24_g1045__1617/CO          -       CI->CO F     ADDFHX2        1   2.3    39    86    1221    (-,-) 
  ADD_TC_OP24_g1044__3680/CO          -       CI->CO F     ADDFHX2        1   2.3    39    86    1307    (-,-) 
  ADD_TC_OP24_g1043__6783/CO          -       CI->CO F     ADDFHX1        1   2.6    46    85    1392    (-,-) 
  g12809/CO                           -       CI->CO F     ADDFX4         1   2.3    43    90    1482    (-,-) 
  ADD_TC_OP24_g1039__8428/CO          -       CI->CO F     ADDFHX2        1   2.3    39    87    1569    (-,-) 
  ADD_TC_OP24_g1038__4319/CO          -       CI->CO F     ADDFHX2        1   2.3    39    86    1655    (-,-) 
  ADD_TC_OP24_g1037__6260/CO          -       CI->CO F     ADDFHX2        1   0.8    33    82    1737    (-,-) 
  ADD_TC_OP24_g2__9315/Y              -       A->Y   R     XOR3X1         2   6.3    76   173    1911    (-,-) 
  g11943__5526/Y                      -       B1->Y  F     AOI221X4       1   1.6   114    43    1954    (-,-) 
  g11936__6260/Y                      -       C0->Y  R     OAI221X2       1   0.6    64    43    1996    (-,-) 
  accumulator_rem_dividend_reg[33]/D  -       -      R     DFFX4          1     -     -     0    1996    (-,-) 
#--------------------------------------------------------------------------------------------------------------



Path 3: MET (1467 ps) Setup Check with Pin accumulator_rem_dividend_reg[33]/CK->D
          Group: clk
     Startpoint: (R) accumulator_rem_dividend_reg[18]/CK
          Clock: (R) clk
       Endpoint: (F) accumulator_rem_dividend_reg[33]/D
          Clock: (R) clk

                     Capture       Launch     
        Clock Edge:+    3500            0     
       Src Latency:+       0            0     
       Net Latency:+       0 (I)        0 (I) 
           Arrival:=    3500            0     
                                              
             Setup:-      32                  
       Uncertainty:-      10                  
     Required Time:=    3458                  
      Launch Clock:-       0                  
         Data Path:-    1991                  
             Slack:=    1467                  

#--------------------------------------------------------------------------------------------------------------
#            Timing Point             Flags    Arc   Edge   Cell     Fanout  Load Trans Delay Arrival Instance 
#                                                                            (fF)  (ps)  (ps)   (ps)  Location 
#--------------------------------------------------------------------------------------------------------------
  accumulator_rem_dividend_reg[18]/CK -       -      R     (arrival)     61     -    10     0       0    (-,-) 
  accumulator_rem_dividend_reg[18]/Q  -       CK->Q  F     DFFX4          7 215.9   466   347     347    (-,-) 
  ADD_TC_OP24_g1053__5115/CO          -       A->CO  F     ADDFHX2        1   2.3    39   187     535    (-,-) 
  ADD_TC_OP24_g1052__1881/CO          -       CI->CO F     ADDFHX2        1   2.3    39    86     621    (-,-) 
  ADD_TC_OP24_g1051__6131/CO          -       CI->CO F     ADDFHX2        1   2.3    39    86     706    (-,-) 
  ADD_TC_OP24_g1050__7098/CO          -       CI->CO F     ADDFHX2        1   2.3    39    86     792    (-,-) 
  ADD_TC_OP24_g1049__8246/CO          -       CI->CO F     ADDFHX2        1   2.3    39    86     878    (-,-) 
  ADD_TC_OP24_g1048__5122/CO          -       CI->CO F     ADDFHX2        1   2.3    39    86     963    (-,-) 
  ADD_TC_OP24_g1047__1705/CO          -       CI->CO F     ADDFHX2        1   2.3    39    86    1049    (-,-) 
  ADD_TC_OP24_g1046__2802/CO          -       CI->CO F     ADDFHX2        1   2.3    39    86    1135    (-,-) 
  ADD_TC_OP24_g1045__1617/CO          -       CI->CO F     ADDFHX2        1   2.3    39    86    1221    (-,-) 
  ADD_TC_OP24_g1044__3680/CO          -       CI->CO F     ADDFHX2        1   2.3    39    86    1307    (-,-) 
  ADD_TC_OP24_g1043__6783/CO          -       CI->CO F     ADDFHX1        1   2.6    46    85    1392    (-,-) 
  g12809/CO                           -       CI->CO F     ADDFX4         1   2.3    43    90    1482    (-,-) 
  ADD_TC_OP24_g1039__8428/CO          -       CI->CO F     ADDFHX2        1   2.3    39    87    1569    (-,-) 
  ADD_TC_OP24_g1038__4319/CO          -       CI->CO F     ADDFHX2        1   2.3    39    86    1655    (-,-) 
  ADD_TC_OP24_g1037__6260/CO          -       CI->CO F     ADDFHX2        1   0.8    33    82    1737    (-,-) 
  ADD_TC_OP24_g2__9315/Y              -       A->Y   F     XOR3X1         2   6.3    86   136    1874    (-,-) 
  g12244__7482/Y                      -       A1->Y  R     AOI211X4       1   1.6    69    55    1929    (-,-) 
  g11936__6260/Y                      -       A1->Y  F     OAI221X2       1   0.6    55    63    1991    (-,-) 
  accumulator_rem_dividend_reg[33]/D  -       -      F     DFFX4          1     -     -     0    1991    (-,-) 
#--------------------------------------------------------------------------------------------------------------



Path 4: MET (1468 ps) Setup Check with Pin accumulator_rem_dividend_reg[33]/CK->D
          Group: clk
     Startpoint: (R) accumulator_rem_dividend_reg[18]/CK
          Clock: (R) clk
       Endpoint: (F) accumulator_rem_dividend_reg[33]/D
          Clock: (R) clk

                     Capture       Launch     
        Clock Edge:+    3500            0     
       Src Latency:+       0            0     
       Net Latency:+       0 (I)        0 (I) 
           Arrival:=    3500            0     
                                              
             Setup:-      32                  
       Uncertainty:-      10                  
     Required Time:=    3458                  
      Launch Clock:-       0                  
         Data Path:-    1991                  
             Slack:=    1468                  

#--------------------------------------------------------------------------------------------------------------
#            Timing Point             Flags    Arc   Edge   Cell     Fanout  Load Trans Delay Arrival Instance 
#                                                                            (fF)  (ps)  (ps)   (ps)  Location 
#--------------------------------------------------------------------------------------------------------------
  accumulator_rem_dividend_reg[18]/CK -       -      R     (arrival)     61     -    10     0       0    (-,-) 
  accumulator_rem_dividend_reg[18]/Q  -       CK->Q  R     DFFX4          7 215.7   465   332     332    (-,-) 
  ADD_TC_OP24_g1053__5115/CO          -       A->CO  R     ADDFHX2        1   2.3    35   195     527    (-,-) 
  ADD_TC_OP24_g1052__1881/CO          -       CI->CO R     ADDFHX2        1   2.3    35    83     610    (-,-) 
  ADD_TC_OP24_g1051__6131/CO          -       CI->CO R     ADDFHX2        1   2.3    35    83     692    (-,-) 
  ADD_TC_OP24_g1050__7098/CO          -       CI->CO R     ADDFHX2        1   2.3    35    83     775    (-,-) 
  ADD_TC_OP24_g1049__8246/CO          -       CI->CO R     ADDFHX2        1   2.3    35    83     858    (-,-) 
  ADD_TC_OP24_g1048__5122/CO          -       CI->CO R     ADDFHX2        1   2.3    35    83     941    (-,-) 
  ADD_TC_OP24_g1047__1705/CO          -       CI->CO R     ADDFHX2        1   2.3    35    83    1023    (-,-) 
  ADD_TC_OP24_g1046__2802/CO          -       CI->CO R     ADDFHX2        1   2.3    35    83    1106    (-,-) 
  ADD_TC_OP24_g1045__1617/CO          -       CI->CO R     ADDFHX2        1   2.3    35    83    1189    (-,-) 
  ADD_TC_OP24_g1044__3680/CO          -       CI->CO R     ADDFHX2        1   2.3    35    83    1272    (-,-) 
  ADD_TC_OP24_g1043__6783/CO          -       CI->CO R     ADDFHX1        1   2.6    43    82    1354    (-,-) 
  g12809/CO                           -       CI->CO R     ADDFX4         1   2.3    38    88    1442    (-,-) 
  ADD_TC_OP24_g1039__8428/CO          -       CI->CO R     ADDFHX2        1   2.3    35    84    1525    (-,-) 
  ADD_TC_OP24_g1038__4319/CO          -       CI->CO R     ADDFHX2        1   2.3    35    83    1608    (-,-) 
  ADD_TC_OP24_g1037__6260/CO          -       CI->CO R     ADDFHX2        1   0.8    29    80    1688    (-,-) 
  ADD_TC_OP24_g2__9315/Y              -       A->Y   F     XOR3X1         2   6.3    86   185    1873    (-,-) 
  g12244__7482/Y                      -       A1->Y  R     AOI211X4       1   1.6    69    55    1928    (-,-) 
  g11936__6260/Y                      -       A1->Y  F     OAI221X2       1   0.6    55    63    1991    (-,-) 
  accumulator_rem_dividend_reg[33]/D  -       -      F     DFFX4          1     -     -     0    1991    (-,-) 
#--------------------------------------------------------------------------------------------------------------



Path 5: MET (1471 ps) Setup Check with Pin accumulator_rem_dividend_reg[33]/CK->D
          Group: clk
     Startpoint: (R) accumulator_rem_dividend_reg[18]/CK
          Clock: (R) clk
       Endpoint: (F) accumulator_rem_dividend_reg[33]/D
          Clock: (R) clk

                     Capture       Launch     
        Clock Edge:+    3500            0     
       Src Latency:+       0            0     
       Net Latency:+       0 (I)        0 (I) 
           Arrival:=    3500            0     
                                              
             Setup:-      32                  
       Uncertainty:-      10                  
     Required Time:=    3458                  
      Launch Clock:-       0                  
         Data Path:-    1987                  
             Slack:=    1471                  

#--------------------------------------------------------------------------------------------------------------
#            Timing Point             Flags    Arc   Edge   Cell     Fanout  Load Trans Delay Arrival Instance 
#                                                                            (fF)  (ps)  (ps)   (ps)  Location 
#--------------------------------------------------------------------------------------------------------------
  accumulator_rem_dividend_reg[18]/CK -       -      R     (arrival)     61     -    10     0       0    (-,-) 
  accumulator_rem_dividend_reg[18]/Q  -       CK->Q  F     DFFX4          7 215.9   466   347     347    (-,-) 
  ADD_TC_OP24_g1053__5115/CO          -       A->CO  F     ADDFHX2        1   2.3    39   187     535    (-,-) 
  ADD_TC_OP24_g1052__1881/CO          -       CI->CO F     ADDFHX2        1   2.3    39    86     621    (-,-) 
  ADD_TC_OP24_g1051__6131/CO          -       CI->CO F     ADDFHX2        1   2.3    39    86     706    (-,-) 
  ADD_TC_OP24_g1050__7098/CO          -       CI->CO F     ADDFHX2        1   2.3    39    86     792    (-,-) 
  ADD_TC_OP24_g1049__8246/CO          -       CI->CO F     ADDFHX2        1   2.3    39    86     878    (-,-) 
  ADD_TC_OP24_g1048__5122/CO          -       CI->CO F     ADDFHX2        1   2.3    39    86     963    (-,-) 
  ADD_TC_OP24_g1047__1705/CO          -       CI->CO F     ADDFHX2        1   2.3    39    86    1049    (-,-) 
  ADD_TC_OP24_g1046__2802/CO          -       CI->CO F     ADDFHX2        1   2.3    39    86    1135    (-,-) 
  ADD_TC_OP24_g1045__1617/CO          -       CI->CO F     ADDFHX2        1   2.3    39    86    1221    (-,-) 
  ADD_TC_OP24_g1044__3680/CO          -       CI->CO F     ADDFHX2        1   2.3    39    86    1307    (-,-) 
  ADD_TC_OP24_g1043__6783/CO          -       CI->CO F     ADDFHX1        1   2.6    46    85    1392    (-,-) 
  g12809/CO                           -       CI->CO F     ADDFX4         1   2.3    43    90    1482    (-,-) 
  ADD_TC_OP24_g1039__8428/CO          -       CI->CO F     ADDFHX2        1   2.3    39    87    1569    (-,-) 
  ADD_TC_OP24_g1038__4319/CO          -       CI->CO F     ADDFHX2        1   2.3    39    86    1655    (-,-) 
  ADD_TC_OP24_g1037__6260/CO          -       CI->CO F     ADDFHX2        1   0.8    33    82    1737    (-,-) 
  ADD_TC_OP24_g2__9315/Y              -       A->Y   F     XOR3X1         2   6.3    86   136    1874    (-,-) 
  g11943__5526/Y                      -       B1->Y  R     AOI221X4       1   1.6    85    57    1930    (-,-) 
  g11936__6260/Y                      -       C0->Y  F     OAI221X2       1   0.6    55    57    1987    (-,-) 
  accumulator_rem_dividend_reg[33]/D  -       -      F     DFFX4          1     -     -     0    1987    (-,-) 
#--------------------------------------------------------------------------------------------------------------



Path 6: MET (1472 ps) Setup Check with Pin accumulator_rem_dividend_reg[33]/CK->D
          Group: clk
     Startpoint: (R) accumulator_rem_dividend_reg[18]/CK
          Clock: (R) clk
       Endpoint: (F) accumulator_rem_dividend_reg[33]/D
          Clock: (R) clk

                     Capture       Launch     
        Clock Edge:+    3500            0     
       Src Latency:+       0            0     
       Net Latency:+       0 (I)        0 (I) 
           Arrival:=    3500            0     
                                              
             Setup:-      32                  
       Uncertainty:-      10                  
     Required Time:=    3458                  
      Launch Clock:-       0                  
         Data Path:-    1986                  
             Slack:=    1472                  

#--------------------------------------------------------------------------------------------------------------
#            Timing Point             Flags    Arc   Edge   Cell     Fanout  Load Trans Delay Arrival Instance 
#                                                                            (fF)  (ps)  (ps)   (ps)  Location 
#--------------------------------------------------------------------------------------------------------------
  accumulator_rem_dividend_reg[18]/CK -       -      R     (arrival)     61     -    10     0       0    (-,-) 
  accumulator_rem_dividend_reg[18]/Q  -       CK->Q  R     DFFX4          7 215.7   465   332     332    (-,-) 
  ADD_TC_OP24_g1053__5115/CO          -       A->CO  R     ADDFHX2        1   2.3    35   195     527    (-,-) 
  ADD_TC_OP24_g1052__1881/CO          -       CI->CO R     ADDFHX2        1   2.3    35    83     610    (-,-) 
  ADD_TC_OP24_g1051__6131/CO          -       CI->CO R     ADDFHX2        1   2.3    35    83     692    (-,-) 
  ADD_TC_OP24_g1050__7098/CO          -       CI->CO R     ADDFHX2        1   2.3    35    83     775    (-,-) 
  ADD_TC_OP24_g1049__8246/CO          -       CI->CO R     ADDFHX2        1   2.3    35    83     858    (-,-) 
  ADD_TC_OP24_g1048__5122/CO          -       CI->CO R     ADDFHX2        1   2.3    35    83     941    (-,-) 
  ADD_TC_OP24_g1047__1705/CO          -       CI->CO R     ADDFHX2        1   2.3    35    83    1023    (-,-) 
  ADD_TC_OP24_g1046__2802/CO          -       CI->CO R     ADDFHX2        1   2.3    35    83    1106    (-,-) 
  ADD_TC_OP24_g1045__1617/CO          -       CI->CO R     ADDFHX2        1   2.3    35    83    1189    (-,-) 
  ADD_TC_OP24_g1044__3680/CO          -       CI->CO R     ADDFHX2        1   2.3    35    83    1272    (-,-) 
  ADD_TC_OP24_g1043__6783/CO          -       CI->CO R     ADDFHX1        1   2.6    43    82    1354    (-,-) 
  g12809/CO                           -       CI->CO R     ADDFX4         1   2.3    38    88    1442    (-,-) 
  ADD_TC_OP24_g1039__8428/CO          -       CI->CO R     ADDFHX2        1   2.3    35    84    1525    (-,-) 
  ADD_TC_OP24_g1038__4319/CO          -       CI->CO R     ADDFHX2        1   2.3    35    83    1608    (-,-) 
  ADD_TC_OP24_g1037__6260/CO          -       CI->CO R     ADDFHX2        1   0.8    29    80    1688    (-,-) 
  ADD_TC_OP24_g2__9315/Y              -       A->Y   F     XOR3X1         2   6.3    86   185    1873    (-,-) 
  g11943__5526/Y                      -       B1->Y  R     AOI221X4       1   1.6    85    57    1930    (-,-) 
  g11936__6260/Y                      -       C0->Y  F     OAI221X2       1   0.6    55    57    1986    (-,-) 
  accumulator_rem_dividend_reg[33]/D  -       -      F     DFFX4          1     -     -     0    1986    (-,-) 
#--------------------------------------------------------------------------------------------------------------



Path 7: MET (1497 ps) Setup Check with Pin accumulator_rem_dividend_reg[33]/CK->D
          Group: clk
     Startpoint: (R) accumulator_rem_dividend_reg[18]/CK
          Clock: (R) clk
       Endpoint: (R) accumulator_rem_dividend_reg[33]/D
          Clock: (R) clk

                     Capture       Launch     
        Clock Edge:+    3500            0     
       Src Latency:+       0            0     
       Net Latency:+       0 (I)        0 (I) 
           Arrival:=    3500            0     
                                              
             Setup:-      56                  
       Uncertainty:-      10                  
     Required Time:=    3434                  
      Launch Clock:-       0                  
         Data Path:-    1938                  
             Slack:=    1497                  

#--------------------------------------------------------------------------------------------------------------
#            Timing Point             Flags    Arc   Edge   Cell     Fanout  Load Trans Delay Arrival Instance 
#                                                                            (fF)  (ps)  (ps)   (ps)  Location 
#--------------------------------------------------------------------------------------------------------------
  accumulator_rem_dividend_reg[18]/CK -       -      R     (arrival)     61     -    10     0       0    (-,-) 
  accumulator_rem_dividend_reg[18]/Q  -       CK->Q  R     DFFX4          7 215.7   465   332     332    (-,-) 
  ADD_TC_OP24_g1053__5115/CO          -       A->CO  R     ADDFHX2        1   2.3    35   195     527    (-,-) 
  ADD_TC_OP24_g1052__1881/CO          -       CI->CO R     ADDFHX2        1   2.3    35    83     610    (-,-) 
  ADD_TC_OP24_g1051__6131/CO          -       CI->CO R     ADDFHX2        1   2.3    35    83     692    (-,-) 
  ADD_TC_OP24_g1050__7098/CO          -       CI->CO R     ADDFHX2        1   2.3    35    83     775    (-,-) 
  ADD_TC_OP24_g1049__8246/CO          -       CI->CO R     ADDFHX2        1   2.3    35    83     858    (-,-) 
  ADD_TC_OP24_g1048__5122/CO          -       CI->CO R     ADDFHX2        1   2.3    35    83     941    (-,-) 
  ADD_TC_OP24_g1047__1705/CO          -       CI->CO R     ADDFHX2        1   2.3    35    83    1023    (-,-) 
  ADD_TC_OP24_g1046__2802/CO          -       CI->CO R     ADDFHX2        1   2.3    35    83    1106    (-,-) 
  ADD_TC_OP24_g1045__1617/CO          -       CI->CO R     ADDFHX2        1   2.3    35    83    1189    (-,-) 
  ADD_TC_OP24_g1044__3680/CO          -       CI->CO R     ADDFHX2        1   2.3    35    83    1272    (-,-) 
  ADD_TC_OP24_g1043__6783/CO          -       CI->CO R     ADDFHX1        1   2.6    43    82    1354    (-,-) 
  g12809/CO                           -       CI->CO R     ADDFX4         1   2.3    38    88    1442    (-,-) 
  ADD_TC_OP24_g1039__8428/CO          -       CI->CO R     ADDFHX2        1   2.3    35    84    1525    (-,-) 
  ADD_TC_OP24_g1038__4319/CO          -       CI->CO R     ADDFHX2        1   2.3    35    83    1608    (-,-) 
  ADD_TC_OP24_g1037__6260/CO          -       CI->CO R     ADDFHX2        1   0.8    29    80    1688    (-,-) 
  ADD_TC_OP24_g2__9315/Y              -       A->Y   R     XOR3X1         2   6.3    76   140    1827    (-,-) 
  g12244__7482/Y                      -       A1->Y  F     AOI211X4       1   1.6   137    46    1873    (-,-) 
  g11936__6260/Y                      -       A1->Y  R     OAI221X2       1   0.6    64    65    1938    (-,-) 
  accumulator_rem_dividend_reg[33]/D  -       -      R     DFFX4          1     -     -     0    1938    (-,-) 
#--------------------------------------------------------------------------------------------------------------



Path 8: MET (1514 ps) Setup Check with Pin accumulator_rem_dividend_reg[33]/CK->D
          Group: clk
     Startpoint: (R) accumulator_rem_dividend_reg[19]/CK
          Clock: (R) clk
       Endpoint: (R) accumulator_rem_dividend_reg[33]/D
          Clock: (R) clk

                     Capture       Launch     
        Clock Edge:+    3500            0     
       Src Latency:+       0            0     
       Net Latency:+       0 (I)        0 (I) 
           Arrival:=    3500            0     
                                              
             Setup:-      56                  
       Uncertainty:-      10                  
     Required Time:=    3434                  
      Launch Clock:-       0                  
         Data Path:-    1921                  
             Slack:=    1514                  

#--------------------------------------------------------------------------------------------------------------
#            Timing Point             Flags    Arc   Edge   Cell     Fanout  Load Trans Delay Arrival Instance 
#                                                                            (fF)  (ps)  (ps)   (ps)  Location 
#--------------------------------------------------------------------------------------------------------------
  accumulator_rem_dividend_reg[19]/CK -       -      R     (arrival)     61     -    10     0       0    (-,-) 
  accumulator_rem_dividend_reg[19]/Q  -       CK->Q  F     DFFX4          3 206.2   446   337     337    (-,-) 
  ADD_TC_OP24_g1052__1881/CO          -       A->CO  F     ADDFHX2        1   2.3    39   183     520    (-,-) 
  ADD_TC_OP24_g1051__6131/CO          -       CI->CO F     ADDFHX2        1   2.3    39    86     606    (-,-) 
  ADD_TC_OP24_g1050__7098/CO          -       CI->CO F     ADDFHX2        1   2.3    39    86     692    (-,-) 
  ADD_TC_OP24_g1049__8246/CO          -       CI->CO F     ADDFHX2        1   2.3    39    86     777    (-,-) 
  ADD_TC_OP24_g1048__5122/CO          -       CI->CO F     ADDFHX2        1   2.3    39    86     863    (-,-) 
  ADD_TC_OP24_g1047__1705/CO          -       CI->CO F     ADDFHX2        1   2.3    39    86     949    (-,-) 
  ADD_TC_OP24_g1046__2802/CO          -       CI->CO F     ADDFHX2        1   2.3    39    86    1035    (-,-) 
  ADD_TC_OP24_g1045__1617/CO          -       CI->CO F     ADDFHX2        1   2.3    39    86    1120    (-,-) 
  ADD_TC_OP24_g1044__3680/CO          -       CI->CO F     ADDFHX2        1   2.3    39    86    1206    (-,-) 
  ADD_TC_OP24_g1043__6783/CO          -       CI->CO F     ADDFHX1        1   2.6    46    85    1292    (-,-) 
  g12809/CO                           -       CI->CO F     ADDFX4         1   2.3    43    90    1382    (-,-) 
  ADD_TC_OP24_g1039__8428/CO          -       CI->CO F     ADDFHX2        1   2.3    39    87    1469    (-,-) 
  ADD_TC_OP24_g1038__4319/CO          -       CI->CO F     ADDFHX2        1   2.3    39    86    1555    (-,-) 
  ADD_TC_OP24_g1037__6260/CO          -       CI->CO F     ADDFHX2        1   0.8    33    82    1637    (-,-) 
  ADD_TC_OP24_g2__9315/Y              -       A->Y   R     XOR3X1         2   6.3    76   173    1810    (-,-) 
  g12244__7482/Y                      -       A1->Y  F     AOI211X4       1   1.6   137    46    1856    (-,-) 
  g11936__6260/Y                      -       A1->Y  R     OAI221X2       1   0.6    64    65    1921    (-,-) 
  accumulator_rem_dividend_reg[33]/D  -       -      R     DFFX4          1     -     -     0    1921    (-,-) 
#--------------------------------------------------------------------------------------------------------------



Path 9: MET (1522 ps) Setup Check with Pin accumulator_rem_dividend_reg[33]/CK->D
          Group: clk
     Startpoint: (R) accumulator_rem_dividend_reg[18]/CK
          Clock: (R) clk
       Endpoint: (R) accumulator_rem_dividend_reg[33]/D
          Clock: (R) clk

                     Capture       Launch     
        Clock Edge:+    3500            0     
       Src Latency:+       0            0     
       Net Latency:+       0 (I)        0 (I) 
           Arrival:=    3500            0     
                                              
             Setup:-      56                  
       Uncertainty:-      10                  
     Required Time:=    3434                  
      Launch Clock:-       0                  
         Data Path:-    1913                  
             Slack:=    1522                  

#--------------------------------------------------------------------------------------------------------------
#            Timing Point             Flags    Arc   Edge   Cell     Fanout  Load Trans Delay Arrival Instance 
#                                                                            (fF)  (ps)  (ps)   (ps)  Location 
#--------------------------------------------------------------------------------------------------------------
  accumulator_rem_dividend_reg[18]/CK -       -      R     (arrival)     61     -    10     0       0    (-,-) 
  accumulator_rem_dividend_reg[18]/Q  -       CK->Q  R     DFFX4          7 215.7   465   332     332    (-,-) 
  ADD_TC_OP24_g1053__5115/CO          -       A->CO  R     ADDFHX2        1   2.3    35   195     527    (-,-) 
  ADD_TC_OP24_g1052__1881/CO          -       CI->CO R     ADDFHX2        1   2.3    35    83     610    (-,-) 
  ADD_TC_OP24_g1051__6131/CO          -       CI->CO R     ADDFHX2        1   2.3    35    83     692    (-,-) 
  ADD_TC_OP24_g1050__7098/CO          -       CI->CO R     ADDFHX2        1   2.3    35    83     775    (-,-) 
  ADD_TC_OP24_g1049__8246/CO          -       CI->CO R     ADDFHX2        1   2.3    35    83     858    (-,-) 
  ADD_TC_OP24_g1048__5122/CO          -       CI->CO R     ADDFHX2        1   2.3    35    83     941    (-,-) 
  ADD_TC_OP24_g1047__1705/CO          -       CI->CO R     ADDFHX2        1   2.3    35    83    1023    (-,-) 
  ADD_TC_OP24_g1046__2802/CO          -       CI->CO R     ADDFHX2        1   2.3    35    83    1106    (-,-) 
  ADD_TC_OP24_g1045__1617/CO          -       CI->CO R     ADDFHX2        1   2.3    35    83    1189    (-,-) 
  ADD_TC_OP24_g1044__3680/CO          -       CI->CO R     ADDFHX2        1   2.3    35    83    1272    (-,-) 
  ADD_TC_OP24_g1043__6783/CO          -       CI->CO R     ADDFHX1        1   2.6    43    82    1354    (-,-) 
  g12809/CO                           -       CI->CO R     ADDFX4         1   2.3    38    88    1442    (-,-) 
  ADD_TC_OP24_g1039__8428/CO          -       CI->CO R     ADDFHX2        1   2.3    35    84    1525    (-,-) 
  ADD_TC_OP24_g1038__4319/CO          -       CI->CO R     ADDFHX2        1   2.3    35    83    1608    (-,-) 
  ADD_TC_OP24_g1037__6260/CO          -       CI->CO R     ADDFHX2        1   0.8    29    80    1688    (-,-) 
  ADD_TC_OP24_g2__9315/Y              -       A->Y   R     XOR3X1         2   6.3    76   140    1827    (-,-) 
  g11943__5526/Y                      -       B1->Y  F     AOI221X4       1   1.6   114    43    1870    (-,-) 
  g11936__6260/Y                      -       C0->Y  R     OAI221X2       1   0.6    64    43    1913    (-,-) 
  accumulator_rem_dividend_reg[33]/D  -       -      R     DFFX4          1     -     -     0    1913    (-,-) 
#--------------------------------------------------------------------------------------------------------------



Path 10: MET (1539 ps) Setup Check with Pin accumulator_rem_dividend_reg[33]/CK->D
          Group: clk
     Startpoint: (R) accumulator_rem_dividend_reg[19]/CK
          Clock: (R) clk
       Endpoint: (R) accumulator_rem_dividend_reg[33]/D
          Clock: (R) clk

                     Capture       Launch     
        Clock Edge:+    3500            0     
       Src Latency:+       0            0     
       Net Latency:+       0 (I)        0 (I) 
           Arrival:=    3500            0     
                                              
             Setup:-      56                  
       Uncertainty:-      10                  
     Required Time:=    3434                  
      Launch Clock:-       0                  
         Data Path:-    1896                  
             Slack:=    1539                  

#--------------------------------------------------------------------------------------------------------------
#            Timing Point             Flags    Arc   Edge   Cell     Fanout  Load Trans Delay Arrival Instance 
#                                                                            (fF)  (ps)  (ps)   (ps)  Location 
#--------------------------------------------------------------------------------------------------------------
  accumulator_rem_dividend_reg[19]/CK -       -      R     (arrival)     61     -    10     0       0    (-,-) 
  accumulator_rem_dividend_reg[19]/Q  -       CK->Q  F     DFFX4          3 206.2   446   337     337    (-,-) 
  ADD_TC_OP24_g1052__1881/CO          -       A->CO  F     ADDFHX2        1   2.3    39   183     520    (-,-) 
  ADD_TC_OP24_g1051__6131/CO          -       CI->CO F     ADDFHX2        1   2.3    39    86     606    (-,-) 
  ADD_TC_OP24_g1050__7098/CO          -       CI->CO F     ADDFHX2        1   2.3    39    86     692    (-,-) 
  ADD_TC_OP24_g1049__8246/CO          -       CI->CO F     ADDFHX2        1   2.3    39    86     777    (-,-) 
  ADD_TC_OP24_g1048__5122/CO          -       CI->CO F     ADDFHX2        1   2.3    39    86     863    (-,-) 
  ADD_TC_OP24_g1047__1705/CO          -       CI->CO F     ADDFHX2        1   2.3    39    86     949    (-,-) 
  ADD_TC_OP24_g1046__2802/CO          -       CI->CO F     ADDFHX2        1   2.3    39    86    1035    (-,-) 
  ADD_TC_OP24_g1045__1617/CO          -       CI->CO F     ADDFHX2        1   2.3    39    86    1120    (-,-) 
  ADD_TC_OP24_g1044__3680/CO          -       CI->CO F     ADDFHX2        1   2.3    39    86    1206    (-,-) 
  ADD_TC_OP24_g1043__6783/CO          -       CI->CO F     ADDFHX1        1   2.6    46    85    1292    (-,-) 
  g12809/CO                           -       CI->CO F     ADDFX4         1   2.3    43    90    1382    (-,-) 
  ADD_TC_OP24_g1039__8428/CO          -       CI->CO F     ADDFHX2        1   2.3    39    87    1469    (-,-) 
  ADD_TC_OP24_g1038__4319/CO          -       CI->CO F     ADDFHX2        1   2.3    39    86    1555    (-,-) 
  ADD_TC_OP24_g1037__6260/CO          -       CI->CO F     ADDFHX2        1   0.8    33    82    1637    (-,-) 
  ADD_TC_OP24_g2__9315/Y              -       A->Y   R     XOR3X1         2   6.3    76   173    1810    (-,-) 
  g11943__5526/Y                      -       B1->Y  F     AOI221X4       1   1.6   114    43    1853    (-,-) 
  g11936__6260/Y                      -       C0->Y  R     OAI221X2       1   0.6    64    43    1896    (-,-) 
  accumulator_rem_dividend_reg[33]/D  -       -      R     DFFX4          1     -     -     0    1896    (-,-) 
#--------------------------------------------------------------------------------------------------------------

