============================================================
  Generated by:           Genus(TM) Synthesis Solution 21.14-s082_1
  Generated on:           May 04 2026  11:54:42 am
  Module:                 division2
  Operating conditions:   typical (balanced_tree)
  Wireload mode:          enclosed
  Area mode:              timing library
============================================================


Path 1: MET (1413 ps) Setup Check with Pin accumulator_rem_dividend_reg[33]/CK->D
          Group: clk
     Startpoint: (R) accumulator_rem_dividend_reg[18]/CK
          Clock: (R) clk
       Endpoint: (R) accumulator_rem_dividend_reg[33]/D
          Clock: (R) clk

                     Capture       Launch     
        Clock Edge:+    3500            0     
       Src Latency:+       0            0     
       Net Latency:+       0 (I)        0 (I) 
           Arrival:=    3500            0     
                                              
             Setup:-      56                  
       Uncertainty:-      10                  
     Required Time:=    3434                  
      Launch Clock:-       0                  
         Data Path:-    2021                  
             Slack:=    1413                  

#--------------------------------------------------------------------------------------------------------------
#            Timing Point             Flags    Arc   Edge   Cell     Fanout  Load Trans Delay Arrival Instance 
#                                                                            (fF)  (ps)  (ps)   (ps)  Location 
#--------------------------------------------------------------------------------------------------------------
  accumulator_rem_dividend_reg[18]/CK -       -      R     (arrival)     61     -    10     0       0    (-,-) 
  accumulator_rem_dividend_reg[18]/Q  -       CK->Q  F     DFFX4          7 215.9   466   347     347    (-,-) 
  ADD_TC_OP24_g1053__5115/CO          -       A->CO  F     ADDFHX2        1   2.3    39   187     535    (-,-) 
  ADD_TC_OP24_g1052__1881/CO          -       CI->CO F     ADDFHX2        1   2.3    39    86     621    (-,-) 
  ADD_TC_OP24_g1051__6131/CO          -       CI->CO F     ADDFHX2        1   2.3    39    86     706    (-,-) 
  ADD_TC_OP24_g1050__7098/CO          -       CI->CO F     ADDFHX2        1   2.3    39    86     792    (-,-) 
  ADD_TC_OP24_g1049__8246/CO          -       CI->CO F     ADDFHX2        1   2.3    39    86     878    (-,-) 
  ADD_TC_OP24_g1048__5122/CO          -       CI->CO F     ADDFHX2        1   2.3    39    86     963    (-,-) 
  ADD_TC_OP24_g1047__1705/CO          -       CI->CO F     ADDFHX2        1   2.3    39    86    1049    (-,-) 
  ADD_TC_OP24_g1046__2802/CO          -       CI->CO F     ADDFHX2        1   2.3    39    86    1135    (-,-) 
  ADD_TC_OP24_g1045__1617/CO          -       CI->CO F     ADDFHX2        1   2.3    39    86    1221    (-,-) 
  ADD_TC_OP24_g1044__3680/CO          -       CI->CO F     ADDFHX2        1   2.3    39    86    1307    (-,-) 
  ADD_TC_OP24_g1043__6783/CO          -       CI->CO F     ADDFHX1        1   2.6    46    85    1392    (-,-) 
  g12809/CO                           -       CI->CO F     ADDFX4         1   2.3    43    90    1482    (-,-) 
  ADD_TC_OP24_g1039__8428/CO          -       CI->CO F     ADDFHX2        1   2.3    39    87    1569    (-,-) 
  ADD_TC_OP24_g1038__4319/CO          -       CI->CO F     ADDFHX2        1   2.3    39    86    1655    (-,-) 
  ADD_TC_OP24_g1037__6260/CO          -       CI->CO F     ADDFHX2        1   0.8    33    82    1737    (-,-) 
  ADD_TC_OP24_g2__9315/Y              -       A->Y   R     XOR3X1         2   6.3    76   173    1911    (-,-) 
  g12244__7482/Y                      -       A1->Y  F     AOI211X4       1   1.6   137    46    1956    (-,-) 
  g11936__6260/Y                      -       A1->Y  R     OAI221X2       1   0.6    64    65    2021    (-,-) 
  accumulator_rem_dividend_reg[33]/D  <<<     -      R     DFFX4          1     -     -     0    2021    (-,-) 
#--------------------------------------------------------------------------------------------------------------

